


ARM Macro Assembler    Page 1 


    1 00000000         ;/******************************************************
                       *****************
    2 00000000         ; * $Id: startup_LPC18xx.s 6473 2011-02-16 17:40:54Z nxp
                       27266 $
    3 00000000         ; *
    4 00000000         ; * Project: LPC18xx CMSIS Package
    5 00000000         ; *
    6 00000000         ; * Description: Cortex-M3 Core Device Startup File for 
                       the NXP LPC18xx 
    7 00000000         ; *              Device Series.
    8 00000000         ; *
    9 00000000         ; * Copyright(C) 2011, NXP Semiconductor
   10 00000000         ; * All rights reserved.
   11 00000000         ; *
   12 00000000         ; ******************************************************
                       *****************
   13 00000000         ; * Software that is described herein is for illustrativ
                       e purposes only
   14 00000000         ; * which provides customers with programming informatio
                       n regarding the
   15 00000000         ; * products. This software is supplied "AS IS" without 
                       any warranties.
   16 00000000         ; * NXP Semiconductors assumes no responsibility or liab
                       ility for the
   17 00000000         ; * use of the software, conveys no license or title und
                       er any patent,
   18 00000000         ; * copyright, or mask work right to the product. NXP Se
                       miconductors
   19 00000000         ; * reserves the right to make changes in the software w
                       ithout
   20 00000000         ; * notification. NXP Semiconductors also make no repres
                       entation or
   21 00000000         ; * warranty that such application will be suitable for 
                       the specified
   22 00000000         ; * use without further testing or modification.
   23 00000000         ; ******************************************************
                       ****************/
   24 00000000         
   25 00000000         ; <h> Stack Configuration
   26 00000000         ;   <o> Stack Size (in Bytes) <0x0-0xFFFFFFFF:8>
   27 00000000         ; </h>
   28 00000000         
   29 00000000 00000800 
                       Stack_Size
                               EQU              0x00000800  ;0x00000800   ;0x00
                                                            000800
   30 00000000         
   31 00000000                 AREA             STACK, NOINIT, READWRITE, ALIGN
=3
   32 00000000         Stack_Mem
                               SPACE            Stack_Size
   33 00000800         __initial_sp
   34 00000800         
   35 00000800         ; <h> Heap Configuration
   36 00000800         ;   <o>  Heap Size (in Bytes) <0x0-0xFFFFFFFF:8>
   37 00000800         ; </h>
   38 00000800         
   39 00000800 00000000 
                       Heap_Size



ARM Macro Assembler    Page 2 


                               EQU              0x00000000
   40 00000800         
   41 00000800                 AREA             HEAP, NOINIT, READWRITE, ALIGN=
3
   42 00000000         __heap_base
   43 00000000         Heap_Mem
                               SPACE            Heap_Size
   44 00000000         __heap_limit
   45 00000000         
   46 00000000                 PRESERVE8
   47 00000000                 THUMB
   48 00000000                 IMPORT           OS_CPU_PendSVHandler
   49 00000000                 IMPORT           OS_CPU_SysTickHandler
   50 00000000         
   51 00000000         ; Vector Table Mapped to Address 0 at Reset
   52 00000000         
   53 00000000                 AREA             RESET, DATA, READONLY
   54 00000000                 EXPORT           __Vectors
   55 00000000         
   56 00000000 53FFEEFA 
                       Sign_Value
                               EQU              0x53FFEEFA
   57 00000000         
   58 00000000 00000000 
                       __Vectors
                               DCD              __initial_sp ; 0 Top of Stack
   59 00000004 00000000        DCD              Reset_Handler ; 1 Reset Handler
                                                            
   60 00000008 00000000        DCD              NMI_Handler ; 2 NMI Handler
   61 0000000C 00000000        DCD              HardFault_Handler ; 3 Hard Faul
                                                            t Handler
   62 00000010 00000000        DCD              MemManage_Handler ; 4 MPU Fault
                                                             Handler
   63 00000014 00000000        DCD              BusFault_Handler ; 5 Bus Fault 
                                                            Handler
   64 00000018 00000000        DCD              UsageFault_Handler ; 6 Usage Fa
                                                            ult Handler
   65 0000001C 53FFEEFA        DCD              Sign_Value  ; 7 Reserved
   66 00000020 00000000        DCD              0           ; 8 Reserved
   67 00000024 00000000        DCD              0           ; 9 Reserved
   68 00000028 00000000        DCD              0           ; 10 Reserved
   69 0000002C 00000000        DCD              SVC_Handler ; 11 SVCall Handler
                                                            
   70 00000030 00000000        DCD              DebugMon_Handler ; 12 Debug Mon
                                                            itor Handler
   71 00000034 00000000        DCD              0           ; 13 Reserved
   72 00000038 00000000        DCD              OS_CPU_PendSVHandler 
                                                            ; 14 PendSV Handler
                                                            
   73 0000003C 00000000        DCD              OS_CPU_SysTickHandler ; 15 SysT
                                                            ick Handler
   74 00000040         
   75 00000040         ; External Interrupts    
   76 00000040 00000000        DCD              DAC_IRQHandler 
                                                            ; 16 D/A Converter
   77 00000044 00000000        DCD              M0CORE_IRQHandler ; 17 M0 Core
   78 00000048 00000000        DCD              DMA_IRQHandler ; 18 General Pur
                                                            pose DMA
   79 0000004C 00000000        DCD              EZH_IRQHandler ; 19 EZH/EDM



ARM Macro Assembler    Page 3 


   80 00000050 00000000        DCD              FLASH_EEPROM_IRQHandler ; 20 Re
                                                            served for Typhoon
   81 00000054 00000000        DCD              ETH_IRQHandler ; 21 Ethernet
   82 00000058 00000000        DCD              SDIO_IRQHandler ; 22 SD/MMC
   83 0000005C 00000000        DCD              LCD_IRQHandler ; 23 LCD
   84 00000060 00000000        DCD              USB0_IRQHandler ; 24 USB0
   85 00000064 00000000        DCD              USB1_IRQHandler ; 25 USB1
   86 00000068 00000000        DCD              SCT_IRQHandler ; 26 State Confi
                                                            gurable Timer
   87 0000006C 00000000        DCD              RIT_IRQHandler ; 27 Repetitive 
                                                            Interrupt Timer
   88 00000070 00000000        DCD              TIMER0_IRQHandler ; 28 Timer0
   89 00000074 00000000        DCD              TIMER1_IRQHandler ; 29 Timer1
   90 00000078 00000000        DCD              TIMER2_IRQHandler ; 30 Timer2
   91 0000007C 00000000        DCD              TIMER3_IRQHandler ; 31 Timer3
   92 00000080 00000000        DCD              MCPWM_IRQHandler ; 32 Motor Con
                                                            trol PWM
   93 00000084 00000000        DCD              ADC0_IRQHandler ; 33 A/D Conver
                                                            ter 0
   94 00000088 00000000        DCD              I2C0_IRQHandler ; 34 I2C0
   95 0000008C 00000000        DCD              I2C1_IRQHandler ; 35 I2C1
   96 00000090 00000000        DCD              SPI_IRQHandler ; 36 SPI
   97 00000094 00000000        DCD              ADC1_IRQHandler ; 37 A/D Conver
                                                            ter 1
   98 00000098 00000000        DCD              SSP0_IRQHandler ; 38 SSP0
   99 0000009C 00000000        DCD              SSP1_IRQHandler ; 39 SSP1
  100 000000A0 00000000        DCD              UART0_IRQHandler ; 40 UART0
  101 000000A4 00000000        DCD              UART1_IRQHandler ; 41 UART1
  102 000000A8 00000000        DCD              UART2_IRQHandler ; 42 UART2
  103 000000AC 00000000        DCD              UART3_IRQHandler ; 43 UART3
  104 000000B0 00000000        DCD              I2S0_IRQHandler ; 44 I2S0
  105 000000B4 00000000        DCD              I2S1_IRQHandler ; 45 I2S1
  106 000000B8 00000000        DCD              SPIFI_IRQHandler ; 46 SPI Flash
                                                             Interface
  107 000000BC 00000000        DCD              SGPIO_IRQHandler ; 47 SGPIO
  108 000000C0 00000000        DCD              GPIO0_IRQHandler ; 48 GPIO0
  109 000000C4 00000000        DCD              GPIO1_IRQHandler ; 49 GPIO1
  110 000000C8 00000000        DCD              GPIO2_IRQHandler ; 50 GPIO2
  111 000000CC 00000000        DCD              GPIO3_IRQHandler ; 51 GPIO3
  112 000000D0 00000000        DCD              GPIO4_IRQHandler ; 52 GPIO4
  113 000000D4 00000000        DCD              GPIO5_IRQHandler ; 53 GPIO5
  114 000000D8 00000000        DCD              GPIO6_IRQHandler ; 54 GPIO6
  115 000000DC 00000000        DCD              GPIO7_IRQHandler ; 55 GPIO7
  116 000000E0 00000000        DCD              GINT0_IRQHandler ; 56 GINT0
  117 000000E4 00000000        DCD              GINT1_IRQHandler ; 57 GINT1
  118 000000E8 00000000        DCD              EVRT_IRQHandler 
                                                            ; 58 Event Router
  119 000000EC 00000000        DCD              CAN1_IRQHandler ; 59 C_CAN1
  120 000000F0 00000000        DCD              0           ; 60 Reserved
  121 000000F4 00000000        DCD              VADC_IRQHandler ; 61 VADC
  122 000000F8 00000000        DCD              ATIMER_IRQHandler ; 62 ATIMER
  123 000000FC 00000000        DCD              RTC_IRQHandler ; 63 RTC
  124 00000100 00000000        DCD              0           ; 64 Reserved
  125 00000104 00000000        DCD              WDT_IRQHandler ; 65 WDT
  126 00000108 00000000        DCD              M0s_IRQHandler ; 66 M0s
  127 0000010C 00000000        DCD              CAN0_IRQHandler ; 67 C_CAN0
  128 00000110 00000000        DCD              QEI_IRQHandler ; 68 QEI
  129 00000114         
  130 00000114         



ARM Macro Assembler    Page 4 


  131 00000114                 IF               :LNOT::DEF:NO_CRP
  134                          ENDIF
  135 00000114         
  136 00000114                 AREA             |.text|, CODE, READONLY
  137 00000000         
  138 00000000         ; Reset Handler
  139 00000000         
  140 00000000         Reset_Handler
                               PROC
  141 00000000                 EXPORT           Reset_Handler             [WEAK
]
  142 00000000                 IMPORT           __main
  143 00000000 4805            LDR              R0, =__main
  144 00000002 4700            BX               R0
  145 00000004                 ENDP
  146 00000004         
  147 00000004         ; Dummy Exception Handlers (infinite loops which can be 
                       modified)                
  148 00000004         
  149 00000004         NMI_Handler
                               PROC
  150 00000004                 EXPORT           NMI_Handler               [WEAK
]
  151 00000004 E7FE            B                .
  152 00000006                 ENDP
  154 00000006         HardFault_Handler
                               PROC
  155 00000006                 EXPORT           HardFault_Handler         [WEAK
]
  156 00000006 E7FE            B                .
  157 00000008                 ENDP
  159 00000008         MemManage_Handler
                               PROC
  160 00000008                 EXPORT           MemManage_Handler         [WEAK
]
  161 00000008 E7FE            B                .
  162 0000000A                 ENDP
  164 0000000A         BusFault_Handler
                               PROC
  165 0000000A                 EXPORT           BusFault_Handler          [WEAK
]
  166 0000000A E7FE            B                .
  167 0000000C                 ENDP
  169 0000000C         UsageFault_Handler
                               PROC
  170 0000000C                 EXPORT           UsageFault_Handler        [WEAK
]
  171 0000000C E7FE            B                .
  172 0000000E                 ENDP
  173 0000000E         SVC_Handler
                               PROC
  174 0000000E                 EXPORT           SVC_Handler               [WEAK
]
  175 0000000E E7FE            B                .
  176 00000010                 ENDP
  178 00000010         DebugMon_Handler
                               PROC
  179 00000010                 EXPORT           DebugMon_Handler          [WEAK
]



ARM Macro Assembler    Page 5 


  180 00000010 E7FE            B                .
  181 00000012                 ENDP
  182 00000012         PendSV_Handler
                               PROC                         ;old
  183 00000012                 EXPORT           PendSV_Handler            [WEAK
]
  184 00000012 E7FE            B                .
  185 00000014                 ENDP
  186 00000014         ;OSPendSV  PROC          ;new
  187 00000014         ;EXPORT  OSPendSV            [WEAK]
  188 00000014         ;B       .
  189 00000014         ;ENDP
  190 00000014         SysTick_Handler
                               PROC
  191 00000014                 EXPORT           SysTick_Handler           [WEAK
]
  192 00000014 E7FE            B                .
  193 00000016                 ENDP
  194 00000016         
  195 00000016         Default_Handler
                               PROC
  196 00000016         
  197 00000016                 EXPORT           DAC_IRQHandler  [WEAK]
  198 00000016                 EXPORT           M0CORE_IRQHandler [WEAK]
  199 00000016                 EXPORT           DMA_IRQHandler  [WEAK]
  200 00000016                 EXPORT           EZH_IRQHandler  [WEAK]
  201 00000016                 EXPORT           FLASH_EEPROM_IRQHandler [WEAK]
  202 00000016                 EXPORT           ETH_IRQHandler  [WEAK]
  203 00000016                 EXPORT           SDIO_IRQHandler  [WEAK]
  204 00000016                 EXPORT           LCD_IRQHandler  [WEAK]
  205 00000016                 EXPORT           USB0_IRQHandler  [WEAK]
  206 00000016                 EXPORT           USB1_IRQHandler  [WEAK]
  207 00000016                 EXPORT           SCT_IRQHandler  [WEAK]
  208 00000016                 EXPORT           RIT_IRQHandler  [WEAK]
  209 00000016                 EXPORT           TIMER0_IRQHandler [WEAK]
  210 00000016                 EXPORT           TIMER1_IRQHandler [WEAK]
  211 00000016                 EXPORT           TIMER2_IRQHandler [WEAK]
  212 00000016                 EXPORT           TIMER3_IRQHandler [WEAK]
  213 00000016                 EXPORT           MCPWM_IRQHandler [WEAK]
  214 00000016                 EXPORT           ADC0_IRQHandler  [WEAK]
  215 00000016                 EXPORT           I2C0_IRQHandler  [WEAK]
  216 00000016                 EXPORT           I2C1_IRQHandler  [WEAK]
  217 00000016                 EXPORT           SPI_IRQHandler  [WEAK]
  218 00000016                 EXPORT           ADC1_IRQHandler  [WEAK]
  219 00000016                 EXPORT           SSP0_IRQHandler  [WEAK]
  220 00000016                 EXPORT           SSP1_IRQHandler  [WEAK]
  221 00000016                 EXPORT           UART0_IRQHandler [WEAK]
  222 00000016                 EXPORT           UART1_IRQHandler [WEAK]
  223 00000016                 EXPORT           UART2_IRQHandler [WEAK]
  224 00000016                 EXPORT           UART3_IRQHandler [WEAK]
  225 00000016                 EXPORT           I2S0_IRQHandler  [WEAK]
  226 00000016                 EXPORT           I2S1_IRQHandler  [WEAK]
  227 00000016                 EXPORT           SPIFI_IRQHandler [WEAK]
  228 00000016                 EXPORT           SGPIO_IRQHandler [WEAK]
  229 00000016                 EXPORT           GPIO0_IRQHandler [WEAK]
  230 00000016                 EXPORT           GPIO1_IRQHandler [WEAK]
  231 00000016                 EXPORT           GPIO2_IRQHandler [WEAK]
  232 00000016                 EXPORT           GPIO3_IRQHandler [WEAK]
  233 00000016                 EXPORT           GPIO4_IRQHandler [WEAK]



ARM Macro Assembler    Page 6 


  234 00000016                 EXPORT           GPIO5_IRQHandler [WEAK]
  235 00000016                 EXPORT           GPIO6_IRQHandler [WEAK]
  236 00000016                 EXPORT           GPIO7_IRQHandler [WEAK]
  237 00000016                 EXPORT           GINT0_IRQHandler [WEAK]
  238 00000016                 EXPORT           GINT1_IRQHandler [WEAK]
  239 00000016                 EXPORT           EVRT_IRQHandler  [WEAK]
  240 00000016                 EXPORT           CAN1_IRQHandler  [WEAK]
  241 00000016         ;     EXPORT RESERVED3   [WEAK]
  242 00000016                 EXPORT           VADC_IRQHandler  [WEAK]
  243 00000016                 EXPORT           ATIMER_IRQHandler [WEAK]
  244 00000016                 EXPORT           RTC_IRQHandler  [WEAK]
  245 00000016         ;     EXPORT RESERVED4   [WEAK]
  246 00000016                 EXPORT           WDT_IRQHandler  [WEAK]
  247 00000016                 EXPORT           M0s_IRQHandler  [WEAK]
  248 00000016                 EXPORT           CAN0_IRQHandler  [WEAK]
  249 00000016                 EXPORT           QEI_IRQHandler  [WEAK]
  250 00000016         
  251 00000016         
  252 00000016         DAC_IRQHandler
  253 00000016         M0CORE_IRQHandler
  254 00000016         DMA_IRQHandler
  255 00000016         EZH_IRQHandler
  256 00000016         FLASH_EEPROM_IRQHandler
  257 00000016         ETH_IRQHandler
  258 00000016         SDIO_IRQHandler
  259 00000016         LCD_IRQHandler
  260 00000016         USB0_IRQHandler
  261 00000016         USB1_IRQHandler
  262 00000016         SCT_IRQHandler
  263 00000016         RIT_IRQHandler
  264 00000016         TIMER0_IRQHandler
  265 00000016         TIMER1_IRQHandler
  266 00000016         TIMER2_IRQHandler
  267 00000016         TIMER3_IRQHandler
  268 00000016         MCPWM_IRQHandler
  269 00000016         ADC0_IRQHandler
  270 00000016         I2C0_IRQHandler
  271 00000016         I2C1_IRQHandler
  272 00000016         SPI_IRQHandler
  273 00000016         ADC1_IRQHandler
  274 00000016         SSP0_IRQHandler
  275 00000016         SSP1_IRQHandler
  276 00000016         UART0_IRQHandler
  277 00000016         UART1_IRQHandler
  278 00000016         UART2_IRQHandler
  279 00000016         UART3_IRQHandler
  280 00000016         I2S0_IRQHandler
  281 00000016         I2S1_IRQHandler
  282 00000016         SPIFI_IRQHandler
  283 00000016         SGPIO_IRQHandler
  284 00000016         GPIO0_IRQHandler
  285 00000016         GPIO1_IRQHandler
  286 00000016         GPIO2_IRQHandler
  287 00000016         GPIO3_IRQHandler
  288 00000016         GPIO4_IRQHandler
  289 00000016         GPIO5_IRQHandler
  290 00000016         GPIO6_IRQHandler
  291 00000016         GPIO7_IRQHandler
  292 00000016         GINT0_IRQHandler



ARM Macro Assembler    Page 7 


  293 00000016         GINT1_IRQHandler
  294 00000016         EVRT_IRQHandler
  295 00000016         CAN1_IRQHandler
  296 00000016         ;RESERVED3
  297 00000016         VADC_IRQHandler
  298 00000016         ATIMER_IRQHandler
  299 00000016         RTC_IRQHandler
  300 00000016         ;RESERVED4
  301 00000016         WDT_IRQHandler
  302 00000016         M0s_IRQHandler
  303 00000016         CAN0_IRQHandler
  304 00000016         QEI_IRQHandler
  305 00000016 E7FE            B                .
  306 00000018         
  307 00000018                 ENDP
  308 00000018         
  309 00000018                 ALIGN
  310 00000018         
  311 00000018         ; User Initial Stack & Heap
  312 00000018         
  313 00000018                 IF               :DEF:__MICROLIB
  314 00000018         
  315 00000018                 EXPORT           __initial_sp
  316 00000018                 EXPORT           __heap_base
  317 00000018                 EXPORT           __heap_limit
  318 00000018         
  319 00000018                 ELSE
  333                          ENDIF
  334 00000018         
  335 00000018 00000000        AREA             |.text|,CODE, READONLY
  336 0000001C         getPC   PROC
  337 0000001C                 EXPORT           getPC
  338 0000001C         
  339 0000001C 4670            MOV              R0,LR
  340 0000001E 4770            BX               LR
  341 00000020         
  342 00000020                 ENDP
  343 00000020         
  344 00000020                 END
Command Line: --debug --xref --diag_suppress=9931 --cpu=Cortex-M3 --apcs=interw
ork --depend=.\flash\startup_lpc43xx.d -o.\flash\startup_lpc43xx.o -I.\RTE\_Act
or13 -I"E:\Pro Software\Keil_v5\ARM\PACK\ARM\CMSIS\5.4.0\CMSIS\Core\Include" -I
"E:\Pro Software\Keil_v5\ARM\PACK\Keil\LPC1800_DFP\2.9.0\Device\Include" --pred
efine="__MICROLIB SETA 1" --predefine="__UVISION_VERSION SETA 527" --predefine=
"_RTE_ SETA 1" --predefine="LPC18xx SETA 1" --predefine="NO_CRP SETA 1" --list=
.\flash\startup_lpc43xx.lst startup_LPC43xx.s



ARM Macro Assembler    Page 1 Alphabetic symbol ordering
Relocatable symbols

STACK 00000000

Symbol: STACK
   Definitions
      At line 31 in file startup_LPC43xx.s
   Uses
      None
Comment: STACK unused
Stack_Mem 00000000

Symbol: Stack_Mem
   Definitions
      At line 32 in file startup_LPC43xx.s
   Uses
      None
Comment: Stack_Mem unused
__initial_sp 00000800

Symbol: __initial_sp
   Definitions
      At line 33 in file startup_LPC43xx.s
   Uses
      At line 58 in file startup_LPC43xx.s
      At line 315 in file startup_LPC43xx.s

3 symbols



ARM Macro Assembler    Page 1 Alphabetic symbol ordering
Relocatable symbols

HEAP 00000000

Symbol: HEAP
   Definitions
      At line 41 in file startup_LPC43xx.s
   Uses
      None
Comment: HEAP unused
Heap_Mem 00000000

Symbol: Heap_Mem
   Definitions
      At line 43 in file startup_LPC43xx.s
   Uses
      None
Comment: Heap_Mem unused
__heap_base 00000000

Symbol: __heap_base
   Definitions
      At line 42 in file startup_LPC43xx.s
   Uses
      At line 316 in file startup_LPC43xx.s
Comment: __heap_base used once
__heap_limit 00000000

Symbol: __heap_limit
   Definitions
      At line 44 in file startup_LPC43xx.s
   Uses
      At line 317 in file startup_LPC43xx.s
Comment: __heap_limit used once
4 symbols



ARM Macro Assembler    Page 1 Alphabetic symbol ordering
Relocatable symbols

RESET 00000000

Symbol: RESET
   Definitions
      At line 53 in file startup_LPC43xx.s
   Uses
      None
Comment: RESET unused
__Vectors 00000000

Symbol: __Vectors
   Definitions
      At line 58 in file startup_LPC43xx.s
   Uses
      At line 54 in file startup_LPC43xx.s
Comment: __Vectors used once
2 symbols



ARM Macro Assembler    Page 1 Alphabetic symbol ordering
Relocatable symbols

.text 00000000

Symbol: .text
   Definitions
      At line 136 in file startup_LPC43xx.s
   Uses
      None
Comment: .text unused
ADC0_IRQHandler 00000016

Symbol: ADC0_IRQHandler
   Definitions
      At line 269 in file startup_LPC43xx.s
   Uses
      At line 93 in file startup_LPC43xx.s
      At line 214 in file startup_LPC43xx.s

ADC1_IRQHandler 00000016

Symbol: ADC1_IRQHandler
   Definitions
      At line 273 in file startup_LPC43xx.s
   Uses
      At line 97 in file startup_LPC43xx.s
      At line 218 in file startup_LPC43xx.s

ATIMER_IRQHandler 00000016

Symbol: ATIMER_IRQHandler
   Definitions
      At line 298 in file startup_LPC43xx.s
   Uses
      At line 122 in file startup_LPC43xx.s
      At line 243 in file startup_LPC43xx.s

BusFault_Handler 0000000A

Symbol: BusFault_Handler
   Definitions
      At line 164 in file startup_LPC43xx.s
   Uses
      At line 63 in file startup_LPC43xx.s
      At line 165 in file startup_LPC43xx.s

CAN0_IRQHandler 00000016

Symbol: CAN0_IRQHandler
   Definitions
      At line 303 in file startup_LPC43xx.s
   Uses
      At line 127 in file startup_LPC43xx.s
      At line 248 in file startup_LPC43xx.s

CAN1_IRQHandler 00000016

Symbol: CAN1_IRQHandler
   Definitions
      At line 295 in file startup_LPC43xx.s
   Uses



ARM Macro Assembler    Page 2 Alphabetic symbol ordering
Relocatable symbols

      At line 119 in file startup_LPC43xx.s
      At line 240 in file startup_LPC43xx.s

DAC_IRQHandler 00000016

Symbol: DAC_IRQHandler
   Definitions
      At line 252 in file startup_LPC43xx.s
   Uses
      At line 76 in file startup_LPC43xx.s
      At line 197 in file startup_LPC43xx.s

DMA_IRQHandler 00000016

Symbol: DMA_IRQHandler
   Definitions
      At line 254 in file startup_LPC43xx.s
   Uses
      At line 78 in file startup_LPC43xx.s
      At line 199 in file startup_LPC43xx.s

DebugMon_Handler 00000010

Symbol: DebugMon_Handler
   Definitions
      At line 178 in file startup_LPC43xx.s
   Uses
      At line 70 in file startup_LPC43xx.s
      At line 179 in file startup_LPC43xx.s

Default_Handler 00000016

Symbol: Default_Handler
   Definitions
      At line 195 in file startup_LPC43xx.s
   Uses
      None
Comment: Default_Handler unused
ETH_IRQHandler 00000016

Symbol: ETH_IRQHandler
   Definitions
      At line 257 in file startup_LPC43xx.s
   Uses
      At line 81 in file startup_LPC43xx.s
      At line 202 in file startup_LPC43xx.s

EVRT_IRQHandler 00000016

Symbol: EVRT_IRQHandler
   Definitions
      At line 294 in file startup_LPC43xx.s
   Uses
      At line 118 in file startup_LPC43xx.s
      At line 239 in file startup_LPC43xx.s

EZH_IRQHandler 00000016

Symbol: EZH_IRQHandler



ARM Macro Assembler    Page 3 Alphabetic symbol ordering
Relocatable symbols

   Definitions
      At line 255 in file startup_LPC43xx.s
   Uses
      At line 79 in file startup_LPC43xx.s
      At line 200 in file startup_LPC43xx.s

FLASH_EEPROM_IRQHandler 00000016

Symbol: FLASH_EEPROM_IRQHandler
   Definitions
      At line 256 in file startup_LPC43xx.s
   Uses
      At line 80 in file startup_LPC43xx.s
      At line 201 in file startup_LPC43xx.s

GINT0_IRQHandler 00000016

Symbol: GINT0_IRQHandler
   Definitions
      At line 292 in file startup_LPC43xx.s
   Uses
      At line 116 in file startup_LPC43xx.s
      At line 237 in file startup_LPC43xx.s

GINT1_IRQHandler 00000016

Symbol: GINT1_IRQHandler
   Definitions
      At line 293 in file startup_LPC43xx.s
   Uses
      At line 117 in file startup_LPC43xx.s
      At line 238 in file startup_LPC43xx.s

GPIO0_IRQHandler 00000016

Symbol: GPIO0_IRQHandler
   Definitions
      At line 284 in file startup_LPC43xx.s
   Uses
      At line 108 in file startup_LPC43xx.s
      At line 229 in file startup_LPC43xx.s

GPIO1_IRQHandler 00000016

Symbol: GPIO1_IRQHandler
   Definitions
      At line 285 in file startup_LPC43xx.s
   Uses
      At line 109 in file startup_LPC43xx.s
      At line 230 in file startup_LPC43xx.s

GPIO2_IRQHandler 00000016

Symbol: GPIO2_IRQHandler
   Definitions
      At line 286 in file startup_LPC43xx.s
   Uses
      At line 110 in file startup_LPC43xx.s
      At line 231 in file startup_LPC43xx.s



ARM Macro Assembler    Page 4 Alphabetic symbol ordering
Relocatable symbols


GPIO3_IRQHandler 00000016

Symbol: GPIO3_IRQHandler
   Definitions
      At line 287 in file startup_LPC43xx.s
   Uses
      At line 111 in file startup_LPC43xx.s
      At line 232 in file startup_LPC43xx.s

GPIO4_IRQHandler 00000016

Symbol: GPIO4_IRQHandler
   Definitions
      At line 288 in file startup_LPC43xx.s
   Uses
      At line 112 in file startup_LPC43xx.s
      At line 233 in file startup_LPC43xx.s

GPIO5_IRQHandler 00000016

Symbol: GPIO5_IRQHandler
   Definitions
      At line 289 in file startup_LPC43xx.s
   Uses
      At line 113 in file startup_LPC43xx.s
      At line 234 in file startup_LPC43xx.s

GPIO6_IRQHandler 00000016

Symbol: GPIO6_IRQHandler
   Definitions
      At line 290 in file startup_LPC43xx.s
   Uses
      At line 114 in file startup_LPC43xx.s
      At line 235 in file startup_LPC43xx.s

GPIO7_IRQHandler 00000016

Symbol: GPIO7_IRQHandler
   Definitions
      At line 291 in file startup_LPC43xx.s
   Uses
      At line 115 in file startup_LPC43xx.s
      At line 236 in file startup_LPC43xx.s

HardFault_Handler 00000006

Symbol: HardFault_Handler
   Definitions
      At line 154 in file startup_LPC43xx.s
   Uses
      At line 61 in file startup_LPC43xx.s
      At line 155 in file startup_LPC43xx.s

I2C0_IRQHandler 00000016

Symbol: I2C0_IRQHandler
   Definitions



ARM Macro Assembler    Page 5 Alphabetic symbol ordering
Relocatable symbols

      At line 270 in file startup_LPC43xx.s
   Uses
      At line 94 in file startup_LPC43xx.s
      At line 215 in file startup_LPC43xx.s

I2C1_IRQHandler 00000016

Symbol: I2C1_IRQHandler
   Definitions
      At line 271 in file startup_LPC43xx.s
   Uses
      At line 95 in file startup_LPC43xx.s
      At line 216 in file startup_LPC43xx.s

I2S0_IRQHandler 00000016

Symbol: I2S0_IRQHandler
   Definitions
      At line 280 in file startup_LPC43xx.s
   Uses
      At line 104 in file startup_LPC43xx.s
      At line 225 in file startup_LPC43xx.s

I2S1_IRQHandler 00000016

Symbol: I2S1_IRQHandler
   Definitions
      At line 281 in file startup_LPC43xx.s
   Uses
      At line 105 in file startup_LPC43xx.s
      At line 226 in file startup_LPC43xx.s

LCD_IRQHandler 00000016

Symbol: LCD_IRQHandler
   Definitions
      At line 259 in file startup_LPC43xx.s
   Uses
      At line 83 in file startup_LPC43xx.s
      At line 204 in file startup_LPC43xx.s

M0CORE_IRQHandler 00000016

Symbol: M0CORE_IRQHandler
   Definitions
      At line 253 in file startup_LPC43xx.s
   Uses
      At line 77 in file startup_LPC43xx.s
      At line 198 in file startup_LPC43xx.s

M0s_IRQHandler 00000016

Symbol: M0s_IRQHandler
   Definitions
      At line 302 in file startup_LPC43xx.s
   Uses
      At line 126 in file startup_LPC43xx.s
      At line 247 in file startup_LPC43xx.s




ARM Macro Assembler    Page 6 Alphabetic symbol ordering
Relocatable symbols

MCPWM_IRQHandler 00000016

Symbol: MCPWM_IRQHandler
   Definitions
      At line 268 in file startup_LPC43xx.s
   Uses
      At line 92 in file startup_LPC43xx.s
      At line 213 in file startup_LPC43xx.s

MemManage_Handler 00000008

Symbol: MemManage_Handler
   Definitions
      At line 159 in file startup_LPC43xx.s
   Uses
      At line 62 in file startup_LPC43xx.s
      At line 160 in file startup_LPC43xx.s

NMI_Handler 00000004

Symbol: NMI_Handler
   Definitions
      At line 149 in file startup_LPC43xx.s
   Uses
      At line 60 in file startup_LPC43xx.s
      At line 150 in file startup_LPC43xx.s

PendSV_Handler 00000012

Symbol: PendSV_Handler
   Definitions
      At line 182 in file startup_LPC43xx.s
   Uses
      At line 183 in file startup_LPC43xx.s
Comment: PendSV_Handler used once
QEI_IRQHandler 00000016

Symbol: QEI_IRQHandler
   Definitions
      At line 304 in file startup_LPC43xx.s
   Uses
      At line 128 in file startup_LPC43xx.s
      At line 249 in file startup_LPC43xx.s

RIT_IRQHandler 00000016

Symbol: RIT_IRQHandler
   Definitions
      At line 263 in file startup_LPC43xx.s
   Uses
      At line 87 in file startup_LPC43xx.s
      At line 208 in file startup_LPC43xx.s

RTC_IRQHandler 00000016

Symbol: RTC_IRQHandler
   Definitions
      At line 299 in file startup_LPC43xx.s
   Uses



ARM Macro Assembler    Page 7 Alphabetic symbol ordering
Relocatable symbols

      At line 123 in file startup_LPC43xx.s
      At line 244 in file startup_LPC43xx.s

Reset_Handler 00000000

Symbol: Reset_Handler
   Definitions
      At line 140 in file startup_LPC43xx.s
   Uses
      At line 59 in file startup_LPC43xx.s
      At line 141 in file startup_LPC43xx.s

SCT_IRQHandler 00000016

Symbol: SCT_IRQHandler
   Definitions
      At line 262 in file startup_LPC43xx.s
   Uses
      At line 86 in file startup_LPC43xx.s
      At line 207 in file startup_LPC43xx.s

SDIO_IRQHandler 00000016

Symbol: SDIO_IRQHandler
   Definitions
      At line 258 in file startup_LPC43xx.s
   Uses
      At line 82 in file startup_LPC43xx.s
      At line 203 in file startup_LPC43xx.s

SGPIO_IRQHandler 00000016

Symbol: SGPIO_IRQHandler
   Definitions
      At line 283 in file startup_LPC43xx.s
   Uses
      At line 107 in file startup_LPC43xx.s
      At line 228 in file startup_LPC43xx.s

SPIFI_IRQHandler 00000016

Symbol: SPIFI_IRQHandler
   Definitions
      At line 282 in file startup_LPC43xx.s
   Uses
      At line 106 in file startup_LPC43xx.s
      At line 227 in file startup_LPC43xx.s

SPI_IRQHandler 00000016

Symbol: SPI_IRQHandler
   Definitions
      At line 272 in file startup_LPC43xx.s
   Uses
      At line 96 in file startup_LPC43xx.s
      At line 217 in file startup_LPC43xx.s

SSP0_IRQHandler 00000016




ARM Macro Assembler    Page 8 Alphabetic symbol ordering
Relocatable symbols

Symbol: SSP0_IRQHandler
   Definitions
      At line 274 in file startup_LPC43xx.s
   Uses
      At line 98 in file startup_LPC43xx.s
      At line 219 in file startup_LPC43xx.s

SSP1_IRQHandler 00000016

Symbol: SSP1_IRQHandler
   Definitions
      At line 275 in file startup_LPC43xx.s
   Uses
      At line 99 in file startup_LPC43xx.s
      At line 220 in file startup_LPC43xx.s

SVC_Handler 0000000E

Symbol: SVC_Handler
   Definitions
      At line 173 in file startup_LPC43xx.s
   Uses
      At line 69 in file startup_LPC43xx.s
      At line 174 in file startup_LPC43xx.s

SysTick_Handler 00000014

Symbol: SysTick_Handler
   Definitions
      At line 190 in file startup_LPC43xx.s
   Uses
      At line 191 in file startup_LPC43xx.s
Comment: SysTick_Handler used once
TIMER0_IRQHandler 00000016

Symbol: TIMER0_IRQHandler
   Definitions
      At line 264 in file startup_LPC43xx.s
   Uses
      At line 88 in file startup_LPC43xx.s
      At line 209 in file startup_LPC43xx.s

TIMER1_IRQHandler 00000016

Symbol: TIMER1_IRQHandler
   Definitions
      At line 265 in file startup_LPC43xx.s
   Uses
      At line 89 in file startup_LPC43xx.s
      At line 210 in file startup_LPC43xx.s

TIMER2_IRQHandler 00000016

Symbol: TIMER2_IRQHandler
   Definitions
      At line 266 in file startup_LPC43xx.s
   Uses
      At line 90 in file startup_LPC43xx.s
      At line 211 in file startup_LPC43xx.s



ARM Macro Assembler    Page 9 Alphabetic symbol ordering
Relocatable symbols


TIMER3_IRQHandler 00000016

Symbol: TIMER3_IRQHandler
   Definitions
      At line 267 in file startup_LPC43xx.s
   Uses
      At line 91 in file startup_LPC43xx.s
      At line 212 in file startup_LPC43xx.s

UART0_IRQHandler 00000016

Symbol: UART0_IRQHandler
   Definitions
      At line 276 in file startup_LPC43xx.s
   Uses
      At line 100 in file startup_LPC43xx.s
      At line 221 in file startup_LPC43xx.s

UART1_IRQHandler 00000016

Symbol: UART1_IRQHandler
   Definitions
      At line 277 in file startup_LPC43xx.s
   Uses
      At line 101 in file startup_LPC43xx.s
      At line 222 in file startup_LPC43xx.s

UART2_IRQHandler 00000016

Symbol: UART2_IRQHandler
   Definitions
      At line 278 in file startup_LPC43xx.s
   Uses
      At line 102 in file startup_LPC43xx.s
      At line 223 in file startup_LPC43xx.s

UART3_IRQHandler 00000016

Symbol: UART3_IRQHandler
   Definitions
      At line 279 in file startup_LPC43xx.s
   Uses
      At line 103 in file startup_LPC43xx.s
      At line 224 in file startup_LPC43xx.s

USB0_IRQHandler 00000016

Symbol: USB0_IRQHandler
   Definitions
      At line 260 in file startup_LPC43xx.s
   Uses
      At line 84 in file startup_LPC43xx.s
      At line 205 in file startup_LPC43xx.s

USB1_IRQHandler 00000016

Symbol: USB1_IRQHandler
   Definitions



ARM Macro Assembler    Page 10 Alphabetic symbol ordering
Relocatable symbols

      At line 261 in file startup_LPC43xx.s
   Uses
      At line 85 in file startup_LPC43xx.s
      At line 206 in file startup_LPC43xx.s

UsageFault_Handler 0000000C

Symbol: UsageFault_Handler
   Definitions
      At line 169 in file startup_LPC43xx.s
   Uses
      At line 64 in file startup_LPC43xx.s
      At line 170 in file startup_LPC43xx.s

VADC_IRQHandler 00000016

Symbol: VADC_IRQHandler
   Definitions
      At line 297 in file startup_LPC43xx.s
   Uses
      At line 121 in file startup_LPC43xx.s
      At line 242 in file startup_LPC43xx.s

WDT_IRQHandler 00000016

Symbol: WDT_IRQHandler
   Definitions
      At line 301 in file startup_LPC43xx.s
   Uses
      At line 125 in file startup_LPC43xx.s
      At line 246 in file startup_LPC43xx.s

getPC 0000001C

Symbol: getPC
   Definitions
      At line 336 in file startup_LPC43xx.s
   Uses
      At line 337 in file startup_LPC43xx.s
Comment: getPC used once
64 symbols



ARM Macro Assembler    Page 1 Alphabetic symbol ordering
Absolute symbols

Heap_Size 00000000

Symbol: Heap_Size
   Definitions
      At line 39 in file startup_LPC43xx.s
   Uses
      At line 43 in file startup_LPC43xx.s
Comment: Heap_Size used once
Sign_Value 53FFEEFA

Symbol: Sign_Value
   Definitions
      At line 56 in file startup_LPC43xx.s
   Uses
      At line 65 in file startup_LPC43xx.s
Comment: Sign_Value used once
Stack_Size 00000800

Symbol: Stack_Size
   Definitions
      At line 29 in file startup_LPC43xx.s
   Uses
      At line 32 in file startup_LPC43xx.s
Comment: Stack_Size used once
3 symbols



ARM Macro Assembler    Page 1 Alphabetic symbol ordering
External symbols

OS_CPU_PendSVHandler 00000000

Symbol: OS_CPU_PendSVHandler
   Definitions
      At line 48 in file startup_LPC43xx.s
   Uses
      At line 72 in file startup_LPC43xx.s
Comment: OS_CPU_PendSVHandler used once
OS_CPU_SysTickHandler 00000000

Symbol: OS_CPU_SysTickHandler
   Definitions
      At line 49 in file startup_LPC43xx.s
   Uses
      At line 73 in file startup_LPC43xx.s
Comment: OS_CPU_SysTickHandler used once
__main 00000000

Symbol: __main
   Definitions
      At line 142 in file startup_LPC43xx.s
   Uses
      At line 143 in file startup_LPC43xx.s
Comment: __main used once
3 symbols
416 symbols in table
